2026-03-06 23:34:48 - climate_alpha - INFO - main:27 - Downloading data from 2019-01-01 to 2026-03-06
2026-03-06 23:34:48 - climate_alpha - INFO - download_full_universe:249 - Downloading full universe: 32 tickers
2026-03-06 23:34:48 - climate_alpha - INFO - download_stock_data:54 - Downloading data for 32 tickers from 2019-01-01 to 2026-03-06
2026-03-06 23:34:48 - climate_alpha - INFO - download_stock_data:60 - Downloading ICLN...
2026-03-06 23:34:50 - climate_alpha - INFO - download_stock_data:60 - Downloading TAN...
2026-03-06 23:34:50 - climate_alpha - INFO - download_stock_data:60 - Downloading QCLN...
2026-03-06 23:34:51 - climate_alpha - INFO - download_stock_data:60 - Downloading PBW...
2026-03-06 23:34:52 - climate_alpha - INFO - download_stock_data:60 - Downloading FAN...
2026-03-06 23:34:52 - climate_alpha - INFO - download_stock_data:60 - Downloading ACES...
2026-03-06 23:34:53 - climate_alpha - INFO - download_stock_data:60 - Downloading ENPH...
2026-03-06 23:34:53 - climate_alpha - INFO - download_stock_data:60 - Downloading SEDG...
2026-03-06 23:34:54 - climate_alpha - INFO - download_stock_data:60 - Downloading FSLR...
2026-03-06 23:34:54 - climate_alpha - INFO - download_stock_data:60 - Downloading RUN...
2026-03-06 23:34:55 - climate_alpha - INFO - download_stock_data:60 - Downloading NEE...
2026-03-06 23:34:56 - climate_alpha - INFO - download_stock_data:60 - Downloading BEP...
2026-03-06 23:34:57 - climate_alpha - INFO - download_stock_data:60 - Downloading PLUG...
2026-03-06 23:34:57 - climate_alpha - INFO - download_stock_data:60 - Downloading BE...
2026-03-06 23:34:58 - climate_alpha - INFO - download_stock_data:60 - Downloading NOVA...
2026-03-06 23:34:59 - climate_alpha - INFO - download_stock_data:60 - Downloading ARRY...
2026-03-06 23:35:00 - climate_alpha - INFO - download_stock_data:60 - Downloading XLE...
2026-03-06 23:35:00 - climate_alpha - INFO - download_stock_data:60 - Downloading XOP...
2026-03-06 23:35:01 - climate_alpha - INFO - download_stock_data:60 - Downloading IEO...
2026-03-06 23:35:02 - climate_alpha - INFO - download_stock_data:60 - Downloading XOM...
2026-03-06 23:35:03 - climate_alpha - INFO - download_stock_data:60 - Downloading CVX...
2026-03-06 23:35:03 - climate_alpha - INFO - download_stock_data:60 - Downloading COP...
2026-03-06 23:35:04 - climate_alpha - INFO - download_stock_data:60 - Downloading SLB...
2026-03-06 23:35:05 - climate_alpha - INFO - download_stock_data:60 - Downloading EOG...
2026-03-06 23:35:06 - climate_alpha - INFO - download_stock_data:60 - Downloading MPC...
2026-03-06 23:35:06 - climate_alpha - INFO - download_stock_data:60 - Downloading PSX...
2026-03-06 23:35:07 - climate_alpha - INFO - download_stock_data:60 - Downloading VLO...
2026-03-06 23:35:08 - climate_alpha - INFO - download_stock_data:60 - Downloading OXY...
2026-03-06 23:35:09 - climate_alpha - INFO - download_stock_data:60 - Downloading HAL...
2026-03-06 23:35:09 - climate_alpha - INFO - download_stock_data:60 - Downloading SPY...
2026-03-06 23:35:10 - climate_alpha - INFO - download_stock_data:60 - Downloading TLT...
2026-03-06 23:35:11 - climate_alpha - INFO - download_stock_data:60 - Downloading GLD...
2026-03-06 23:35:12 - climate_alpha - INFO - download_stock_data:90 - Saved data to data\raw\market_data_2019-01-01_2026-03-06.csv
2026-03-06 23:35:12 - climate_alpha - INFO - download_benchmark:222 - Downloading benchmark SPY
2026-03-06 23:35:12 - climate_alpha - INFO - download_benchmark:230 - Saved benchmark data to data\raw\benchmark_SPY_2019-01-01_2026-03-06.csv
