2026-03-06 23:47:43 - climate_alpha - INFO - download_full_universe:249 - Downloading full universe: 32 tickers
2026-03-06 23:47:43 - climate_alpha - INFO - download_stock_data:54 - Downloading data for 32 tickers from 2019-01-01 to 2024-12-31
2026-03-06 23:47:43 - climate_alpha - INFO - download_stock_data:60 - Downloading ICLN...
2026-03-06 23:47:45 - climate_alpha - INFO - download_stock_data:60 - Downloading TAN...
2026-03-06 23:47:45 - climate_alpha - INFO - download_stock_data:60 - Downloading QCLN...
2026-03-06 23:47:46 - climate_alpha - INFO - download_stock_data:60 - Downloading PBW...
2026-03-06 23:47:46 - climate_alpha - INFO - download_stock_data:60 - Downloading FAN...
2026-03-06 23:47:47 - climate_alpha - INFO - download_stock_data:60 - Downloading ACES...
2026-03-06 23:47:47 - climate_alpha - INFO - download_stock_data:60 - Downloading ENPH...
2026-03-06 23:47:48 - climate_alpha - INFO - download_stock_data:60 - Downloading SEDG...
2026-03-06 23:47:48 - climate_alpha - INFO - download_stock_data:60 - Downloading FSLR...
2026-03-06 23:47:49 - climate_alpha - INFO - download_stock_data:60 - Downloading RUN...
2026-03-06 23:47:49 - climate_alpha - INFO - download_stock_data:60 - Downloading NEE...
2026-03-06 23:47:50 - climate_alpha - INFO - download_stock_data:60 - Downloading BEP...
2026-03-06 23:47:51 - climate_alpha - INFO - download_stock_data:60 - Downloading PLUG...
2026-03-06 23:47:51 - climate_alpha - INFO - download_stock_data:60 - Downloading BE...
2026-03-06 23:47:52 - climate_alpha - INFO - download_stock_data:60 - Downloading NOVA...
2026-03-06 23:47:53 - climate_alpha - INFO - download_stock_data:60 - Downloading ARRY...
2026-03-06 23:47:54 - climate_alpha - INFO - download_stock_data:60 - Downloading XLE...
2026-03-06 23:47:54 - climate_alpha - INFO - download_stock_data:60 - Downloading XOP...
2026-03-06 23:47:55 - climate_alpha - INFO - download_stock_data:60 - Downloading IEO...
2026-03-06 23:47:55 - climate_alpha - INFO - download_stock_data:60 - Downloading XOM...
2026-03-06 23:47:56 - climate_alpha - INFO - download_stock_data:60 - Downloading CVX...
2026-03-06 23:47:57 - climate_alpha - INFO - download_stock_data:60 - Downloading COP...
2026-03-06 23:47:57 - climate_alpha - INFO - download_stock_data:60 - Downloading SLB...
2026-03-06 23:47:58 - climate_alpha - INFO - download_stock_data:60 - Downloading EOG...
2026-03-06 23:47:59 - climate_alpha - INFO - download_stock_data:60 - Downloading MPC...
2026-03-06 23:47:59 - climate_alpha - INFO - download_stock_data:60 - Downloading PSX...
2026-03-06 23:48:00 - climate_alpha - INFO - download_stock_data:60 - Downloading VLO...
2026-03-06 23:48:00 - climate_alpha - INFO - download_stock_data:60 - Downloading OXY...
2026-03-06 23:48:01 - climate_alpha - INFO - download_stock_data:60 - Downloading HAL...
2026-03-06 23:48:01 - climate_alpha - INFO - download_stock_data:60 - Downloading SPY...
2026-03-06 23:48:02 - climate_alpha - INFO - download_stock_data:60 - Downloading TLT...
2026-03-06 23:48:03 - climate_alpha - INFO - download_stock_data:60 - Downloading GLD...
2026-03-06 23:48:04 - climate_alpha - INFO - download_stock_data:90 - Saved data to data\raw\market_data_2019-01-01_2024-12-31.csv
2026-03-06 23:48:05 - climate_alpha - INFO - add_technical_features:29 - Adding technical features...
