2026-03-07 13:58:59 - climate_alpha - INFO - download_full_universe:249 - Downloading full universe: 32 tickers
2026-03-07 13:58:59 - climate_alpha - INFO - download_stock_data:54 - Downloading data for 32 tickers from 2019-01-01 to 2024-12-31
2026-03-07 13:58:59 - climate_alpha - INFO - download_stock_data:60 - Downloading ICLN...
2026-03-07 13:59:00 - climate_alpha - INFO - download_stock_data:71 - ICLN: 1509 rows
2026-03-07 13:59:00 - climate_alpha - INFO - download_stock_data:60 - Downloading TAN...
2026-03-07 13:59:01 - climate_alpha - INFO - download_stock_data:71 - TAN: 1509 rows
2026-03-07 13:59:01 - climate_alpha - INFO - download_stock_data:60 - Downloading QCLN...
2026-03-07 13:59:01 - climate_alpha - INFO - download_stock_data:71 - QCLN: 1509 rows
2026-03-07 13:59:01 - climate_alpha - INFO - download_stock_data:60 - Downloading PBW...
2026-03-07 13:59:02 - climate_alpha - INFO - download_stock_data:71 - PBW: 1509 rows
2026-03-07 13:59:02 - climate_alpha - INFO - download_stock_data:60 - Downloading FAN...
2026-03-07 13:59:03 - climate_alpha - INFO - download_stock_data:71 - FAN: 1509 rows
2026-03-07 13:59:03 - climate_alpha - INFO - download_stock_data:60 - Downloading ACES...
2026-03-07 13:59:03 - climate_alpha - INFO - download_stock_data:71 - ACES: 1509 rows
2026-03-07 13:59:03 - climate_alpha - INFO - download_stock_data:60 - Downloading ENPH...
2026-03-07 13:59:04 - climate_alpha - INFO - download_stock_data:71 - ENPH: 1509 rows
2026-03-07 13:59:04 - climate_alpha - INFO - download_stock_data:60 - Downloading SEDG...
2026-03-07 13:59:04 - climate_alpha - INFO - download_stock_data:71 - SEDG: 1509 rows
2026-03-07 13:59:04 - climate_alpha - INFO - download_stock_data:60 - Downloading FSLR...
2026-03-07 13:59:04 - climate_alpha - INFO - download_stock_data:71 - FSLR: 1509 rows
2026-03-07 13:59:04 - climate_alpha - INFO - download_stock_data:60 - Downloading RUN...
2026-03-07 13:59:05 - climate_alpha - INFO - download_stock_data:71 - RUN: 1509 rows
2026-03-07 13:59:05 - climate_alpha - INFO - download_stock_data:60 - Downloading NEE...
2026-03-07 13:59:05 - climate_alpha - INFO - download_stock_data:71 - NEE: 1509 rows
2026-03-07 13:59:05 - climate_alpha - INFO - download_stock_data:60 - Downloading BEP...
2026-03-07 13:59:06 - climate_alpha - INFO - download_stock_data:71 - BEP: 1509 rows
2026-03-07 13:59:06 - climate_alpha - INFO - download_stock_data:60 - Downloading PLUG...
2026-03-07 13:59:06 - climate_alpha - INFO - download_stock_data:71 - PLUG: 1509 rows
2026-03-07 13:59:06 - climate_alpha - INFO - download_stock_data:60 - Downloading BE...
2026-03-07 13:59:07 - climate_alpha - INFO - download_stock_data:71 - BE: 1509 rows
2026-03-07 13:59:07 - climate_alpha - INFO - download_stock_data:60 - Downloading NOVA...
2026-03-07 13:59:08 - climate_alpha - WARNING - download_stock_data:73 - NOVA: No data returned
2026-03-07 13:59:08 - climate_alpha - INFO - download_stock_data:60 - Downloading ARRY...
2026-03-07 13:59:09 - climate_alpha - INFO - download_stock_data:71 - ARRY: 1058 rows
2026-03-07 13:59:09 - climate_alpha - INFO - download_stock_data:60 - Downloading XLE...
2026-03-07 13:59:09 - climate_alpha - INFO - download_stock_data:71 - XLE: 1509 rows
2026-03-07 13:59:09 - climate_alpha - INFO - download_stock_data:60 - Downloading XOP...
2026-03-07 13:59:10 - climate_alpha - INFO - download_stock_data:71 - XOP: 1509 rows
2026-03-07 13:59:10 - climate_alpha - INFO - download_stock_data:60 - Downloading IEO...
2026-03-07 13:59:10 - climate_alpha - INFO - download_stock_data:71 - IEO: 1509 rows
2026-03-07 13:59:10 - climate_alpha - INFO - download_stock_data:60 - Downloading XOM...
2026-03-07 13:59:11 - climate_alpha - INFO - download_stock_data:71 - XOM: 1509 rows
2026-03-07 13:59:11 - climate_alpha - INFO - download_stock_data:60 - Downloading CVX...
2026-03-07 13:59:11 - climate_alpha - INFO - download_stock_data:71 - CVX: 1509 rows
2026-03-07 13:59:11 - climate_alpha - INFO - download_stock_data:60 - Downloading COP...
2026-03-07 13:59:12 - climate_alpha - INFO - download_stock_data:71 - COP: 1509 rows
2026-03-07 13:59:12 - climate_alpha - INFO - download_stock_data:60 - Downloading SLB...
2026-03-07 13:59:12 - climate_alpha - INFO - download_stock_data:71 - SLB: 1509 rows
2026-03-07 13:59:12 - climate_alpha - INFO - download_stock_data:60 - Downloading EOG...
2026-03-07 13:59:13 - climate_alpha - INFO - download_stock_data:71 - EOG: 1509 rows
2026-03-07 13:59:13 - climate_alpha - INFO - download_stock_data:60 - Downloading MPC...
2026-03-07 13:59:13 - climate_alpha - INFO - download_stock_data:71 - MPC: 1509 rows
2026-03-07 13:59:13 - climate_alpha - INFO - download_stock_data:60 - Downloading PSX...
2026-03-07 13:59:14 - climate_alpha - INFO - download_stock_data:71 - PSX: 1509 rows
2026-03-07 13:59:14 - climate_alpha - INFO - download_stock_data:60 - Downloading VLO...
2026-03-07 13:59:14 - climate_alpha - INFO - download_stock_data:71 - VLO: 1509 rows
2026-03-07 13:59:14 - climate_alpha - INFO - download_stock_data:60 - Downloading OXY...
2026-03-07 13:59:15 - climate_alpha - INFO - download_stock_data:71 - OXY: 1509 rows
2026-03-07 13:59:15 - climate_alpha - INFO - download_stock_data:60 - Downloading HAL...
2026-03-07 13:59:15 - climate_alpha - INFO - download_stock_data:71 - HAL: 1509 rows
2026-03-07 13:59:16 - climate_alpha - INFO - download_stock_data:60 - Downloading SPY...
2026-03-07 13:59:16 - climate_alpha - INFO - download_stock_data:71 - SPY: 1509 rows
2026-03-07 13:59:16 - climate_alpha - INFO - download_stock_data:60 - Downloading TLT...
2026-03-07 13:59:17 - climate_alpha - INFO - download_stock_data:71 - TLT: 1509 rows
2026-03-07 13:59:17 - climate_alpha - INFO - download_stock_data:60 - Downloading GLD...
2026-03-07 13:59:17 - climate_alpha - INFO - download_stock_data:71 - GLD: 1509 rows
2026-03-07 13:59:18 - climate_alpha - INFO - download_stock_data:90 - Saved data to data\raw\market_data_2019-01-01_2024-12-31.csv
2026-03-07 13:59:19 - climate_alpha - INFO - add_technical_features:29 - Adding technical features...
2026-03-07 14:11:04 - climate_alpha - INFO - download_full_universe:249 - Downloading full universe: 32 tickers
2026-03-07 14:11:04 - climate_alpha - INFO - download_stock_data:54 - Downloading data for 32 tickers from 2019-01-01 to 2024-12-31
2026-03-07 14:11:04 - climate_alpha - INFO - download_stock_data:60 - Downloading ICLN...
2026-03-07 14:11:06 - climate_alpha - INFO - download_stock_data:71 - ICLN: 1509 rows
2026-03-07 14:11:06 - climate_alpha - INFO - download_stock_data:60 - Downloading TAN...
2026-03-07 14:11:06 - climate_alpha - INFO - download_stock_data:71 - TAN: 1509 rows
2026-03-07 14:11:06 - climate_alpha - INFO - download_stock_data:60 - Downloading QCLN...
2026-03-07 14:11:07 - climate_alpha - INFO - download_stock_data:71 - QCLN: 1509 rows
2026-03-07 14:11:07 - climate_alpha - INFO - download_stock_data:60 - Downloading PBW...
2026-03-07 14:11:07 - climate_alpha - INFO - download_stock_data:71 - PBW: 1509 rows
2026-03-07 14:11:07 - climate_alpha - INFO - download_stock_data:60 - Downloading FAN...
2026-03-07 14:11:08 - climate_alpha - INFO - download_stock_data:71 - FAN: 1509 rows
2026-03-07 14:11:08 - climate_alpha - INFO - download_stock_data:60 - Downloading ACES...
2026-03-07 14:11:08 - climate_alpha - INFO - download_stock_data:71 - ACES: 1509 rows
2026-03-07 14:11:08 - climate_alpha - INFO - download_stock_data:60 - Downloading ENPH...
2026-03-07 14:11:09 - climate_alpha - INFO - download_stock_data:71 - ENPH: 1509 rows
2026-03-07 14:11:09 - climate_alpha - INFO - download_stock_data:60 - Downloading SEDG...
2026-03-07 14:11:10 - climate_alpha - INFO - download_stock_data:71 - SEDG: 1509 rows
2026-03-07 14:11:10 - climate_alpha - INFO - download_stock_data:60 - Downloading FSLR...
2026-03-07 14:11:10 - climate_alpha - INFO - download_stock_data:71 - FSLR: 1509 rows
2026-03-07 14:11:10 - climate_alpha - INFO - download_stock_data:60 - Downloading RUN...
2026-03-07 14:11:10 - climate_alpha - INFO - download_stock_data:71 - RUN: 1509 rows
2026-03-07 14:11:11 - climate_alpha - INFO - download_stock_data:60 - Downloading NEE...
2026-03-07 14:11:11 - climate_alpha - INFO - download_stock_data:71 - NEE: 1509 rows
2026-03-07 14:11:11 - climate_alpha - INFO - download_stock_data:60 - Downloading BEP...
2026-03-07 14:11:12 - climate_alpha - INFO - download_stock_data:71 - BEP: 1509 rows
2026-03-07 14:11:12 - climate_alpha - INFO - download_stock_data:60 - Downloading PLUG...
2026-03-07 14:11:12 - climate_alpha - INFO - download_stock_data:71 - PLUG: 1509 rows
2026-03-07 14:11:12 - climate_alpha - INFO - download_stock_data:60 - Downloading BE...
2026-03-07 14:11:13 - climate_alpha - INFO - download_stock_data:71 - BE: 1509 rows
2026-03-07 14:11:13 - climate_alpha - INFO - download_stock_data:60 - Downloading NOVA...
2026-03-07 14:11:14 - climate_alpha - WARNING - download_stock_data:73 - NOVA: No data returned
2026-03-07 14:11:14 - climate_alpha - INFO - download_stock_data:60 - Downloading ARRY...
2026-03-07 14:11:15 - climate_alpha - INFO - download_stock_data:71 - ARRY: 1058 rows
2026-03-07 14:11:15 - climate_alpha - INFO - download_stock_data:60 - Downloading XLE...
2026-03-07 14:11:15 - climate_alpha - INFO - download_stock_data:71 - XLE: 1509 rows
2026-03-07 14:11:15 - climate_alpha - INFO - download_stock_data:60 - Downloading XOP...
2026-03-07 14:11:16 - climate_alpha - INFO - download_stock_data:71 - XOP: 1509 rows
2026-03-07 14:11:16 - climate_alpha - INFO - download_stock_data:60 - Downloading IEO...
2026-03-07 14:11:17 - climate_alpha - INFO - download_stock_data:71 - IEO: 1509 rows
2026-03-07 14:11:17 - climate_alpha - INFO - download_stock_data:60 - Downloading XOM...
2026-03-07 14:11:17 - climate_alpha - INFO - download_stock_data:71 - XOM: 1509 rows
2026-03-07 14:11:17 - climate_alpha - INFO - download_stock_data:60 - Downloading CVX...
2026-03-07 14:11:18 - climate_alpha - INFO - download_stock_data:71 - CVX: 1509 rows
2026-03-07 14:11:18 - climate_alpha - INFO - download_stock_data:60 - Downloading COP...
2026-03-07 14:11:18 - climate_alpha - INFO - download_stock_data:71 - COP: 1509 rows
2026-03-07 14:11:19 - climate_alpha - INFO - download_stock_data:60 - Downloading SLB...
2026-03-07 14:11:19 - climate_alpha - INFO - download_stock_data:71 - SLB: 1509 rows
2026-03-07 14:11:19 - climate_alpha - INFO - download_stock_data:60 - Downloading EOG...
2026-03-07 14:11:20 - climate_alpha - INFO - download_stock_data:71 - EOG: 1509 rows
2026-03-07 14:11:20 - climate_alpha - INFO - download_stock_data:60 - Downloading MPC...
2026-03-07 14:11:20 - climate_alpha - INFO - download_stock_data:71 - MPC: 1509 rows
2026-03-07 14:11:20 - climate_alpha - INFO - download_stock_data:60 - Downloading PSX...
2026-03-07 14:11:22 - climate_alpha - INFO - download_stock_data:71 - PSX: 1509 rows
2026-03-07 14:11:22 - climate_alpha - INFO - download_stock_data:60 - Downloading VLO...
2026-03-07 14:11:22 - climate_alpha - INFO - download_stock_data:71 - VLO: 1509 rows
2026-03-07 14:11:23 - climate_alpha - INFO - download_stock_data:60 - Downloading OXY...
2026-03-07 14:11:23 - climate_alpha - INFO - download_stock_data:71 - OXY: 1509 rows
2026-03-07 14:11:23 - climate_alpha - INFO - download_stock_data:60 - Downloading HAL...
2026-03-07 14:11:24 - climate_alpha - INFO - download_stock_data:71 - HAL: 1509 rows
2026-03-07 14:11:24 - climate_alpha - INFO - download_stock_data:60 - Downloading SPY...
2026-03-07 14:11:24 - climate_alpha - INFO - download_stock_data:71 - SPY: 1509 rows
2026-03-07 14:11:24 - climate_alpha - INFO - download_stock_data:60 - Downloading TLT...
2026-03-07 14:11:25 - climate_alpha - INFO - download_stock_data:71 - TLT: 1509 rows
2026-03-07 14:11:25 - climate_alpha - INFO - download_stock_data:60 - Downloading GLD...
2026-03-07 14:11:25 - climate_alpha - INFO - download_stock_data:71 - GLD: 1509 rows
2026-03-07 14:11:26 - climate_alpha - INFO - download_stock_data:90 - Saved data to data\raw\market_data_2019-01-01_2024-12-31.csv
2026-03-07 14:11:27 - climate_alpha - INFO - add_technical_features:29 - Adding technical features...
2026-03-07 14:11:27 - climate_alpha - INFO - add_technical_features:101 - Added 21 technical features
2026-03-07 14:11:27 - climate_alpha - INFO - add_price_features:115 - Adding price features...
2026-03-07 14:11:27 - climate_alpha - INFO - add_price_features:161 - Added price features
2026-03-07 14:11:27 - climate_alpha - INFO - add_volume_features:175 - Adding volume features...
2026-03-07 14:11:27 - climate_alpha - INFO - add_volume_features:200 - Added volume features
2026-03-07 14:11:27 - climate_alpha - INFO - add_volatility_features:214 - Adding volatility features...
2026-03-07 14:11:27 - climate_alpha - INFO - add_volatility_features:251 - Added volatility features
2026-03-07 14:11:27 - climate_alpha - INFO - add_momentum_features:265 - Adding momentum features...
2026-03-07 14:11:27 - climate_alpha - INFO - add_momentum_features:293 - Added momentum features
2026-03-07 14:11:27 - climate_alpha - INFO - add_time_features:307 - Adding time features...
2026-03-07 14:11:27 - climate_alpha - INFO - add_time_features:329 - Added time features
2026-03-07 14:11:27 - climate_alpha - INFO - create_feature_set:380 - Feature engineering complete: 88 columns, dropped 199 rows with NaN
2026-03-07 14:11:27 - climate_alpha - INFO - prepare_data:85 - Prepared data: X shape (1250, 60, 5), y shape (1250, 1)
2026-03-07 14:11:27 - climate_alpha - INFO - build_model:124 - Built LSTM model with 130465 parameters
2026-03-07 14:16:07 - climate_alpha - INFO - train:188 - Training complete. Final loss: 0.002464
2026-03-07 14:16:10 - climate_alpha - INFO - evaluate:281 - Evaluation metrics: RMSE=0.3750, MAE=0.3071, MAPE=2.33%, Dir_Acc=52.61%
2026-03-07 14:16:10 - climate_alpha - INFO - find_cointegrated_pairs:54 - Testing 465 potential pairs for cointegration...
2026-03-07 14:16:58 - climate_alpha - INFO - find_cointegrated_pairs:77 - Found 21 cointegrated pairs
2026-03-07 14:16:58 - climate_alpha - INFO - backtest_pair:223 - Backtesting pair with hedge ratio: 1.2031
2026-03-07 14:16:58 - climate_alpha - INFO - backtest_pair:280 - Backtest complete: Return=5.04%, Sharpe=0.51, Max DD=-2.85%, Trades=49
2026-03-07 14:16:58 - climate_alpha - INFO - mean_variance_optimization:61 - Running mean-variance optimization...
