2026-03-12 15:31:33 - climate_alpha - INFO - download_full_universe:249 - Downloading full universe: 32 tickers
2026-03-12 15:31:33 - climate_alpha - INFO - download_stock_data:54 - Downloading data for 32 tickers from 2019-01-01 to 2025-12-31
2026-03-12 15:31:33 - climate_alpha - INFO - download_stock_data:60 - Downloading ICLN...
2026-03-12 15:31:35 - climate_alpha - INFO - download_stock_data:71 - ICLN: 1759 rows
2026-03-12 15:31:35 - climate_alpha - INFO - download_stock_data:60 - Downloading TAN...
2026-03-12 15:31:36 - climate_alpha - INFO - download_stock_data:71 - TAN: 1759 rows
2026-03-12 15:31:36 - climate_alpha - INFO - download_stock_data:60 - Downloading QCLN...
2026-03-12 15:31:36 - climate_alpha - INFO - download_stock_data:71 - QCLN: 1759 rows
2026-03-12 15:31:37 - climate_alpha - INFO - download_stock_data:60 - Downloading PBW...
2026-03-12 15:31:38 - climate_alpha - INFO - download_stock_data:71 - PBW: 1759 rows
2026-03-12 15:31:38 - climate_alpha - INFO - download_stock_data:60 - Downloading FAN...
2026-03-12 15:31:39 - climate_alpha - INFO - download_stock_data:71 - FAN: 1759 rows
2026-03-12 15:31:39 - climate_alpha - INFO - download_stock_data:60 - Downloading ACES...
2026-03-12 15:31:40 - climate_alpha - INFO - download_stock_data:71 - ACES: 1759 rows
2026-03-12 15:31:40 - climate_alpha - INFO - download_stock_data:60 - Downloading ENPH...
2026-03-12 15:31:41 - climate_alpha - INFO - download_stock_data:71 - ENPH: 1759 rows
2026-03-12 15:31:41 - climate_alpha - INFO - download_stock_data:60 - Downloading SEDG...
2026-03-12 15:31:42 - climate_alpha - INFO - download_stock_data:71 - SEDG: 1759 rows
2026-03-12 15:31:42 - climate_alpha - INFO - download_stock_data:60 - Downloading FSLR...
2026-03-12 15:31:45 - climate_alpha - INFO - download_stock_data:71 - FSLR: 1759 rows
2026-03-12 15:31:45 - climate_alpha - INFO - download_stock_data:60 - Downloading RUN...
2026-03-12 15:31:45 - climate_alpha - INFO - download_stock_data:71 - RUN: 1759 rows
2026-03-12 15:31:45 - climate_alpha - INFO - download_stock_data:60 - Downloading NEE...
2026-03-12 15:31:46 - climate_alpha - INFO - download_stock_data:71 - NEE: 1759 rows
2026-03-12 15:31:46 - climate_alpha - INFO - download_stock_data:60 - Downloading BEP...
2026-03-12 15:31:47 - climate_alpha - INFO - download_stock_data:71 - BEP: 1759 rows
2026-03-12 15:31:47 - climate_alpha - INFO - download_stock_data:60 - Downloading PLUG...
2026-03-12 15:31:48 - climate_alpha - INFO - download_stock_data:71 - PLUG: 1759 rows
2026-03-12 15:31:48 - climate_alpha - INFO - download_stock_data:60 - Downloading BE...
2026-03-12 15:31:48 - climate_alpha - INFO - download_stock_data:71 - BE: 1759 rows
2026-03-12 15:31:48 - climate_alpha - INFO - download_stock_data:60 - Downloading NOVA...
2026-03-12 15:31:50 - climate_alpha - WARNING - download_stock_data:73 - NOVA: No data returned
2026-03-12 15:31:50 - climate_alpha - INFO - download_stock_data:60 - Downloading ARRY...
2026-03-12 15:31:50 - climate_alpha - INFO - download_stock_data:71 - ARRY: 1308 rows
2026-03-12 15:31:50 - climate_alpha - INFO - download_stock_data:60 - Downloading XLE...
2026-03-12 15:31:52 - climate_alpha - INFO - download_stock_data:71 - XLE: 1759 rows
2026-03-12 15:31:52 - climate_alpha - INFO - download_stock_data:60 - Downloading XOP...
2026-03-12 15:31:52 - climate_alpha - INFO - download_stock_data:71 - XOP: 1759 rows
2026-03-12 15:31:52 - climate_alpha - INFO - download_stock_data:60 - Downloading IEO...
2026-03-12 15:31:53 - climate_alpha - INFO - download_stock_data:71 - IEO: 1759 rows
2026-03-12 15:31:53 - climate_alpha - INFO - download_stock_data:60 - Downloading XOM...
2026-03-12 15:31:54 - climate_alpha - INFO - download_stock_data:71 - XOM: 1759 rows
2026-03-12 15:31:54 - climate_alpha - INFO - download_stock_data:60 - Downloading CVX...
2026-03-12 15:31:55 - climate_alpha - INFO - download_stock_data:71 - CVX: 1759 rows
2026-03-12 15:31:55 - climate_alpha - INFO - download_stock_data:60 - Downloading COP...
2026-03-12 15:31:57 - climate_alpha - INFO - download_stock_data:71 - COP: 1759 rows
2026-03-12 15:31:57 - climate_alpha - INFO - download_stock_data:60 - Downloading SLB...
2026-03-12 15:31:58 - climate_alpha - INFO - download_stock_data:71 - SLB: 1759 rows
2026-03-12 15:31:58 - climate_alpha - INFO - download_stock_data:60 - Downloading EOG...
2026-03-12 15:32:00 - climate_alpha - INFO - download_stock_data:71 - EOG: 1759 rows
2026-03-12 15:32:01 - climate_alpha - INFO - download_stock_data:60 - Downloading MPC...
2026-03-12 15:32:02 - climate_alpha - INFO - download_stock_data:71 - MPC: 1759 rows
2026-03-12 15:32:02 - climate_alpha - INFO - download_stock_data:60 - Downloading PSX...
2026-03-12 15:32:04 - climate_alpha - INFO - download_stock_data:71 - PSX: 1759 rows
2026-03-12 15:32:04 - climate_alpha - INFO - download_stock_data:60 - Downloading VLO...
2026-03-12 15:32:06 - climate_alpha - INFO - download_stock_data:71 - VLO: 1759 rows
2026-03-12 15:32:06 - climate_alpha - INFO - download_stock_data:60 - Downloading OXY...
2026-03-12 15:32:07 - climate_alpha - INFO - download_stock_data:71 - OXY: 1759 rows
2026-03-12 15:32:07 - climate_alpha - INFO - download_stock_data:60 - Downloading HAL...
2026-03-12 15:32:12 - climate_alpha - INFO - download_stock_data:71 - HAL: 1759 rows
2026-03-12 15:32:12 - climate_alpha - INFO - download_stock_data:60 - Downloading SPY...
2026-03-12 15:32:13 - climate_alpha - INFO - download_stock_data:71 - SPY: 1759 rows
2026-03-12 15:32:13 - climate_alpha - INFO - download_stock_data:60 - Downloading TLT...
2026-03-12 15:32:14 - climate_alpha - INFO - download_stock_data:71 - TLT: 1759 rows
2026-03-12 15:32:14 - climate_alpha - INFO - download_stock_data:60 - Downloading GLD...
2026-03-12 15:32:15 - climate_alpha - INFO - download_stock_data:71 - GLD: 1759 rows
2026-03-12 15:32:15 - climate_alpha - INFO - download_stock_data:90 - Saved data to data\raw\market_data_2019-01-01_2025-12-31.csv
2026-03-12 15:32:15 - climate_alpha - INFO - add_technical_features:29 - Adding technical features...
2026-03-12 15:32:16 - climate_alpha - INFO - add_technical_features:101 - Added 21 technical features
2026-03-12 15:32:16 - climate_alpha - INFO - add_price_features:115 - Adding price features...
2026-03-12 15:32:16 - climate_alpha - INFO - add_price_features:161 - Added price features
2026-03-12 15:32:16 - climate_alpha - INFO - add_volume_features:175 - Adding volume features...
2026-03-12 15:32:16 - climate_alpha - INFO - add_volume_features:200 - Added volume features
2026-03-12 15:32:16 - climate_alpha - INFO - add_volatility_features:214 - Adding volatility features...
2026-03-12 15:32:16 - climate_alpha - INFO - add_volatility_features:251 - Added volatility features
2026-03-12 15:32:16 - climate_alpha - INFO - add_momentum_features:265 - Adding momentum features...
2026-03-12 15:32:16 - climate_alpha - INFO - add_momentum_features:293 - Added momentum features
2026-03-12 15:32:16 - climate_alpha - INFO - add_time_features:307 - Adding time features...
2026-03-12 15:32:16 - climate_alpha - INFO - add_time_features:329 - Added time features
2026-03-12 15:32:16 - climate_alpha - INFO - create_feature_set:380 - Feature engineering complete: 88 columns, dropped 199 rows with NaN
2026-03-12 15:32:16 - climate_alpha - INFO - prepare_data:85 - Prepared data: X shape (1500, 60, 5), y shape (1500, 1)
2026-03-12 15:32:16 - climate_alpha - INFO - build_model:124 - Built LSTM model with 130465 parameters
2026-03-12 15:32:50 - climate_alpha - INFO - train:188 - Training complete. Final loss: 0.002704
2026-03-12 15:32:51 - climate_alpha - INFO - evaluate:281 - Evaluation metrics: RMSE=0.3773, MAE=0.2954, MAPE=2.26%, Dir_Acc=44.82%
2026-03-12 15:32:51 - climate_alpha - INFO - find_cointegrated_pairs:54 - Testing 465 potential pairs for cointegration...
2026-03-12 15:32:51 - climate_alpha - INFO - find_cointegrated_pairs:75 - Cointegrated pair found: ('ICLN', 'ICLN') - ('QCLN', 'QCLN') (p=0.0031)
2026-03-12 15:33:03 - climate_alpha - INFO - find_cointegrated_pairs:75 - Cointegrated pair found: ('PBW', 'PBW') - ('PLUG', 'PLUG') (p=0.0201)
2026-03-12 15:33:10 - climate_alpha - INFO - find_cointegrated_pairs:75 - Cointegrated pair found: ('ACES', 'ACES') - ('PLUG', 'PLUG') (p=0.0009)
2026-03-12 15:33:20 - climate_alpha - INFO - find_cointegrated_pairs:75 - Cointegrated pair found: ('FSLR', 'FSLR') - ('VLO', 'VLO') (p=0.0300)
2026-03-12 15:33:33 - climate_alpha - INFO - find_cointegrated_pairs:75 - Cointegrated pair found: ('BE', 'BE') - ('SPY', 'SPY') (p=0.0488)
2026-03-12 15:33:33 - climate_alpha - INFO - find_cointegrated_pairs:75 - Cointegrated pair found: ('BE', 'BE') - ('GLD', 'GLD') (p=0.0230)
2026-03-12 15:33:35 - climate_alpha - INFO - find_cointegrated_pairs:75 - Cointegrated pair found: ('XLE', 'XLE') - ('XOM', 'XOM') (p=0.0473)
2026-03-12 15:33:36 - climate_alpha - INFO - find_cointegrated_pairs:75 - Cointegrated pair found: ('XLE', 'XLE') - ('TLT', 'TLT') (p=0.0088)
2026-03-12 15:33:37 - climate_alpha - INFO - find_cointegrated_pairs:75 - Cointegrated pair found: ('XOP', 'XOP') - ('CVX', 'CVX') (p=0.0431)
2026-03-12 15:33:37 - climate_alpha - INFO - find_cointegrated_pairs:75 - Cointegrated pair found: ('XOP', 'XOP') - ('EOG', 'EOG') (p=0.0351)
2026-03-12 15:33:38 - climate_alpha - INFO - find_cointegrated_pairs:75 - Cointegrated pair found: ('XOP', 'XOP') - ('TLT', 'TLT') (p=0.0004)
2026-03-12 15:33:39 - climate_alpha - INFO - find_cointegrated_pairs:75 - Cointegrated pair found: ('IEO', 'IEO') - ('CVX', 'CVX') (p=0.0261)
2026-03-12 15:33:39 - climate_alpha - INFO - find_cointegrated_pairs:75 - Cointegrated pair found: ('IEO', 'IEO') - ('EOG', 'EOG') (p=0.0335)
2026-03-12 15:33:40 - climate_alpha - INFO - find_cointegrated_pairs:75 - Cointegrated pair found: ('IEO', 'IEO') - ('TLT', 'TLT') (p=0.0208)
2026-03-12 15:33:41 - climate_alpha - INFO - find_cointegrated_pairs:75 - Cointegrated pair found: ('XOM', 'XOM') - ('TLT', 'TLT') (p=0.0316)
2026-03-12 15:33:42 - climate_alpha - INFO - find_cointegrated_pairs:75 - Cointegrated pair found: ('CVX', 'CVX') - ('EOG', 'EOG') (p=0.0086)
2026-03-12 15:33:43 - climate_alpha - INFO - find_cointegrated_pairs:75 - Cointegrated pair found: ('CVX', 'CVX') - ('TLT', 'TLT') (p=0.0073)
2026-03-12 15:33:45 - climate_alpha - INFO - find_cointegrated_pairs:75 - Cointegrated pair found: ('SLB', 'SLB') - ('TLT', 'TLT') (p=0.0293)
2026-03-12 15:33:46 - climate_alpha - INFO - find_cointegrated_pairs:75 - Cointegrated pair found: ('EOG', 'EOG') - ('TLT', 'TLT') (p=0.0017)
2026-03-12 15:33:50 - climate_alpha - INFO - find_cointegrated_pairs:77 - Found 19 cointegrated pairs
2026-03-12 15:33:50 - climate_alpha - INFO - backtest_pair:223 - Backtesting pair with hedge ratio: -1.6801
2026-03-12 15:33:50 - climate_alpha - INFO - backtest_pair:280 - Backtest complete: Return=-0.89%, Sharpe=-0.20, Max DD=-1.32%, Trades=65
2026-03-12 15:33:50 - climate_alpha - INFO - mean_variance_optimization:61 - Running mean-variance optimization...
2026-03-12 15:33:50 - climate_alpha - INFO - mean_variance_optimization:138 - Optimal portfolio: Return=34.74%, Vol=38.95%, Sharpe=0.84
2026-03-12 15:33:50 - climate_alpha - INFO - risk_parity_optimization:192 - Running risk parity optimization...
2026-03-12 15:33:50 - climate_alpha - INFO - risk_parity_optimization:239 - Risk parity portfolio: Return=27.96%, Vol=35.90%, Sharpe=0.72
2026-03-12 15:33:50 - climate_alpha - INFO - esg_constrained_optimization:362 - Running ESG-constrained optimization (min score: 7.5)...
2026-03-12 15:33:50 - climate_alpha - ERROR - esg_constrained_optimization:375 - ESG constraint 7.5 is higher than maximum possible 0.0
2026-03-12 15:33:50 - climate_alpha - INFO - comprehensive_risk_report:456 - Generating comprehensive risk report...
2026-03-12 15:33:50 - climate_alpha - INFO - comprehensive_risk_report:516 - Risk report complete
2026-03-12 15:33:50 - climate_alpha - INFO - stress_test:292 - Running stress tests on $1,000,000 portfolio...
2026-03-12 15:33:50 - climate_alpha - INFO - stress_test:312 - Stress test complete: 6 scenarios tested
2026-03-12 15:33:50 - climate_alpha - INFO - __init__:34 - AggressiveStrategyEngine initialized with base_position=30.0%
2026-03-12 15:33:50 - climate_alpha - INFO - create_portfolio:97 - Creating aggressive portfolio...
2026-03-12 15:33:50 - climate_alpha - INFO - create_portfolio:113 - Processing strategy: Momentum
2026-03-12 15:33:50 - climate_alpha - INFO - create_portfolio:127 -   Momentum: 1710 trading days, avg daily return: 0.0087%
2026-03-12 15:33:50 - climate_alpha - INFO - create_portfolio:113 - Processing strategy: Mean Reversion
2026-03-12 15:33:50 - climate_alpha - INFO - create_portfolio:127 -   Mean Reversion: 959 trading days, avg daily return: -0.0035%
2026-03-12 15:33:50 - climate_alpha - INFO - create_portfolio:113 - Processing strategy: Trend Following
2026-03-12 15:33:50 - climate_alpha - INFO - create_portfolio:127 -   Trend Following: 1709 trading days, avg daily return: 0.0095%
2026-03-12 15:33:50 - climate_alpha - INFO - create_portfolio:113 - Processing strategy: Breakout
2026-03-12 15:33:50 - climate_alpha - INFO - create_portfolio:127 -   Breakout: 1014 trading days, avg daily return: 0.0138%
2026-03-12 15:33:50 - climate_alpha - INFO - combine_strategies:79 - Combined 4 strategies using equal_weight
2026-03-12 15:33:50 - climate_alpha - INFO - combine_strategies:80 - Strategy weights: {'Momentum': np.float64(0.25), 'Mean Reversion': np.float64(0.25), 'Trend Following': np.float64(0.25), 'Breakout': np.float64(0.25)}
2026-03-12 15:33:50 - climate_alpha - INFO - create_portfolio:171 - Aggressive Portfolio Performance:
2026-03-12 15:33:50 - climate_alpha - INFO - create_portfolio:172 -   Total Return: 12.76%
2026-03-12 15:33:50 - climate_alpha - INFO - create_portfolio:173 -   Annualized Return: 1.74%
2026-03-12 15:33:50 - climate_alpha - INFO - create_portfolio:174 -   Annualized Vol: 3.90%
2026-03-12 15:33:50 - climate_alpha - INFO - create_portfolio:175 -   Sharpe Ratio: -0.07
2026-03-12 15:33:50 - climate_alpha - INFO - create_portfolio:176 -   Max Drawdown: -6.77%
2026-03-12 15:33:50 - climate_alpha - INFO - create_portfolio:177 -   Calmar Ratio: 0.26
2026-03-12 15:33:50 - climate_alpha - INFO - create_portfolio:178 -   Trading Days: 1536
