2026-03-08 10:23:09 - climate_alpha - INFO - download_full_universe:249 - Downloading full universe: 32 tickers
2026-03-08 10:23:09 - climate_alpha - INFO - download_stock_data:54 - Downloading data for 32 tickers from 2019-01-01 to 2025-12-31
2026-03-08 10:23:09 - climate_alpha - INFO - download_stock_data:60 - Downloading ICLN...
2026-03-08 10:23:11 - climate_alpha - INFO - download_stock_data:71 - ICLN: 1759 rows
2026-03-08 10:23:11 - climate_alpha - INFO - download_stock_data:60 - Downloading TAN...
2026-03-08 10:23:12 - climate_alpha - INFO - download_stock_data:71 - TAN: 1759 rows
2026-03-08 10:23:12 - climate_alpha - INFO - download_stock_data:60 - Downloading QCLN...
2026-03-08 10:23:13 - climate_alpha - INFO - download_stock_data:71 - QCLN: 1759 rows
2026-03-08 10:23:13 - climate_alpha - INFO - download_stock_data:60 - Downloading PBW...
2026-03-08 10:23:14 - climate_alpha - INFO - download_stock_data:71 - PBW: 1759 rows
2026-03-08 10:23:14 - climate_alpha - INFO - download_stock_data:60 - Downloading FAN...
2026-03-08 10:23:14 - climate_alpha - INFO - download_stock_data:71 - FAN: 1759 rows
2026-03-08 10:23:14 - climate_alpha - INFO - download_stock_data:60 - Downloading ACES...
2026-03-08 10:23:15 - climate_alpha - INFO - download_stock_data:71 - ACES: 1759 rows
2026-03-08 10:23:15 - climate_alpha - INFO - download_stock_data:60 - Downloading ENPH...
2026-03-08 10:23:16 - climate_alpha - INFO - download_stock_data:71 - ENPH: 1759 rows
2026-03-08 10:23:16 - climate_alpha - INFO - download_stock_data:60 - Downloading SEDG...
2026-03-08 10:23:16 - climate_alpha - INFO - download_stock_data:71 - SEDG: 1759 rows
2026-03-08 10:23:16 - climate_alpha - INFO - download_stock_data:60 - Downloading FSLR...
2026-03-08 10:23:17 - climate_alpha - INFO - download_stock_data:71 - FSLR: 1759 rows
2026-03-08 10:23:17 - climate_alpha - INFO - download_stock_data:60 - Downloading RUN...
2026-03-08 10:23:17 - climate_alpha - INFO - download_stock_data:71 - RUN: 1759 rows
2026-03-08 10:23:17 - climate_alpha - INFO - download_stock_data:60 - Downloading NEE...
2026-03-08 10:23:18 - climate_alpha - INFO - download_stock_data:71 - NEE: 1759 rows
2026-03-08 10:23:18 - climate_alpha - INFO - download_stock_data:60 - Downloading BEP...
2026-03-08 10:23:18 - climate_alpha - INFO - download_stock_data:71 - BEP: 1759 rows
2026-03-08 10:23:18 - climate_alpha - INFO - download_stock_data:60 - Downloading PLUG...
2026-03-08 10:23:19 - climate_alpha - INFO - download_stock_data:71 - PLUG: 1759 rows
2026-03-08 10:23:19 - climate_alpha - INFO - download_stock_data:60 - Downloading BE...
2026-03-08 10:23:19 - climate_alpha - INFO - download_stock_data:71 - BE: 1759 rows
2026-03-08 10:23:19 - climate_alpha - INFO - download_stock_data:60 - Downloading NOVA...
2026-03-08 10:23:21 - climate_alpha - WARNING - download_stock_data:73 - NOVA: No data returned
2026-03-08 10:23:21 - climate_alpha - INFO - download_stock_data:60 - Downloading ARRY...
2026-03-08 10:23:21 - climate_alpha - INFO - download_stock_data:71 - ARRY: 1308 rows
2026-03-08 10:23:21 - climate_alpha - INFO - download_stock_data:60 - Downloading XLE...
2026-03-08 10:23:23 - climate_alpha - INFO - download_stock_data:71 - XLE: 1759 rows
2026-03-08 10:23:23 - climate_alpha - INFO - download_stock_data:60 - Downloading XOP...
2026-03-08 10:23:23 - climate_alpha - INFO - download_stock_data:71 - XOP: 1759 rows
2026-03-08 10:23:23 - climate_alpha - INFO - download_stock_data:60 - Downloading IEO...
2026-03-08 10:23:24 - climate_alpha - INFO - download_stock_data:71 - IEO: 1759 rows
2026-03-08 10:23:24 - climate_alpha - INFO - download_stock_data:60 - Downloading XOM...
2026-03-08 10:23:25 - climate_alpha - INFO - download_stock_data:71 - XOM: 1759 rows
2026-03-08 10:23:25 - climate_alpha - INFO - download_stock_data:60 - Downloading CVX...
2026-03-08 10:23:26 - climate_alpha - INFO - download_stock_data:71 - CVX: 1759 rows
2026-03-08 10:23:26 - climate_alpha - INFO - download_stock_data:60 - Downloading COP...
2026-03-08 10:23:27 - climate_alpha - INFO - download_stock_data:71 - COP: 1759 rows
2026-03-08 10:23:27 - climate_alpha - INFO - download_stock_data:60 - Downloading SLB...
2026-03-08 10:23:28 - climate_alpha - INFO - download_stock_data:71 - SLB: 1759 rows
2026-03-08 10:23:28 - climate_alpha - INFO - download_stock_data:60 - Downloading EOG...
2026-03-08 10:23:29 - climate_alpha - INFO - download_stock_data:71 - EOG: 1759 rows
2026-03-08 10:23:29 - climate_alpha - INFO - download_stock_data:60 - Downloading MPC...
2026-03-08 10:23:29 - climate_alpha - INFO - download_stock_data:71 - MPC: 1759 rows
2026-03-08 10:23:29 - climate_alpha - INFO - download_stock_data:60 - Downloading PSX...
2026-03-08 10:23:30 - climate_alpha - INFO - download_stock_data:71 - PSX: 1759 rows
2026-03-08 10:23:30 - climate_alpha - INFO - download_stock_data:60 - Downloading VLO...
2026-03-08 10:23:30 - climate_alpha - INFO - download_stock_data:71 - VLO: 1759 rows
2026-03-08 10:23:30 - climate_alpha - INFO - download_stock_data:60 - Downloading OXY...
2026-03-08 10:23:31 - climate_alpha - INFO - download_stock_data:71 - OXY: 1759 rows
2026-03-08 10:23:31 - climate_alpha - INFO - download_stock_data:60 - Downloading HAL...
2026-03-08 10:23:32 - climate_alpha - INFO - download_stock_data:71 - HAL: 1759 rows
2026-03-08 10:23:32 - climate_alpha - INFO - download_stock_data:60 - Downloading SPY...
2026-03-08 10:23:32 - climate_alpha - INFO - download_stock_data:71 - SPY: 1759 rows
2026-03-08 10:23:32 - climate_alpha - INFO - download_stock_data:60 - Downloading TLT...
2026-03-08 10:23:33 - climate_alpha - INFO - download_stock_data:71 - TLT: 1759 rows
2026-03-08 10:23:33 - climate_alpha - INFO - download_stock_data:60 - Downloading GLD...
2026-03-08 10:23:33 - climate_alpha - INFO - download_stock_data:71 - GLD: 1759 rows
2026-03-08 10:23:34 - climate_alpha - INFO - download_stock_data:90 - Saved data to data\raw\market_data_2019-01-01_2025-12-31.csv
2026-03-08 10:23:35 - climate_alpha - INFO - add_technical_features:29 - Adding technical features...
2026-03-08 10:23:35 - climate_alpha - INFO - add_technical_features:101 - Added 21 technical features
2026-03-08 10:23:35 - climate_alpha - INFO - add_price_features:115 - Adding price features...
2026-03-08 10:23:35 - climate_alpha - INFO - add_price_features:161 - Added price features
2026-03-08 10:23:35 - climate_alpha - INFO - add_volume_features:175 - Adding volume features...
2026-03-08 10:23:35 - climate_alpha - INFO - add_volume_features:200 - Added volume features
2026-03-08 10:23:35 - climate_alpha - INFO - add_volatility_features:214 - Adding volatility features...
2026-03-08 10:23:35 - climate_alpha - INFO - add_volatility_features:251 - Added volatility features
2026-03-08 10:23:35 - climate_alpha - INFO - add_momentum_features:265 - Adding momentum features...
2026-03-08 10:23:35 - climate_alpha - INFO - add_momentum_features:293 - Added momentum features
2026-03-08 10:23:35 - climate_alpha - INFO - add_time_features:307 - Adding time features...
2026-03-08 10:23:35 - climate_alpha - INFO - add_time_features:329 - Added time features
2026-03-08 10:23:35 - climate_alpha - INFO - create_feature_set:380 - Feature engineering complete: 88 columns, dropped 199 rows with NaN
2026-03-08 10:23:35 - climate_alpha - INFO - prepare_data:85 - Prepared data: X shape (1500, 60, 5), y shape (1500, 1)
2026-03-08 10:23:36 - climate_alpha - INFO - build_model:124 - Built LSTM model with 130465 parameters
